<?xml version="1.0" encoding="UTF-8"?>
<robot generator="Robot 6.0.2 (Python 3.7.4 on darwin)" generated="20230502 01:01:21.046" rpa="false" schemaversion="3">
<suite id="s1" name="Case2 Signout" source="/Users/Eddie27/Documents/rf-aha/cases/case2_signout.robot">
<test id="s1-t1" name="Test Google OAuth Sign Out" line="9">
<kw name="Open Firfox To Web Page" library="common">
<kw name="Open Firefox To Page" library="test">
<var>${browser_obj}</var>
<msg timestamp="20230502 01:01:22.096" level="INFO">${browser_obj} = &lt;Browser type=&lt;BrowserType name=firefox executable_path=/Users/Eddie27/Library/Caches/ms-playwright/firefox-1391/firefox/Nightly.app/Contents/MacOS/firefox&gt; version=111.0&gt;</msg>
<status status="PASS" starttime="20230502 01:01:21.196" endtime="20230502 01:01:22.096"/>
</kw>
<kw name="Set Global Variable" library="BuiltIn">
<arg>${browser_obj}</arg>
<doc>Makes a variable available globally in all tests and suites.</doc>
<msg timestamp="20230502 01:01:22.098" level="INFO">${browser_obj} = &lt;Browser type=&lt;BrowserType name=firefox executable_path=/Users/Eddie27/Library/Caches/ms-playwright/firefox-1391/firefox/Nightly.app/Contents/MacOS/firefox&gt; version=111.0&gt;</msg>
<status status="PASS" starttime="20230502 01:01:22.097" endtime="20230502 01:01:22.098"/>
</kw>
<status status="PASS" starttime="20230502 01:01:21.195" endtime="20230502 01:01:22.098"/>
</kw>
<kw name="Sign Out Web Page" library="common">
<kw name="Sign Out" library="test">
<var>${sign_out_result}</var>
<arg>${browser_obj}</arg>
<arg>${test_page}</arg>
<arg>${google_user}</arg>
<arg>${google_password}</arg>
<msg timestamp="20230502 01:01:50.592" level="INFO">!!!!!!/Users/Eddie27/Documents/rf-aha/outputs/logout.png</msg>
<msg timestamp="20230502 01:01:50.592" level="INFO">${sign_out_result} = True</msg>
<status status="PASS" starttime="20230502 01:01:22.099" endtime="20230502 01:01:50.592"/>
</kw>
<kw name="Set Global Variable" library="BuiltIn">
<arg>${sign_out_result}</arg>
<doc>Makes a variable available globally in all tests and suites.</doc>
<msg timestamp="20230502 01:01:50.593" level="INFO">${sign_out_result} = True</msg>
<status status="PASS" starttime="20230502 01:01:50.593" endtime="20230502 01:01:50.593"/>
</kw>
<status status="PASS" starttime="20230502 01:01:22.099" endtime="20230502 01:01:50.593"/>
</kw>
<kw name="Validate Sign Out" library="common">
<kw name="Should Be True" library="BuiltIn">
<arg>${sign_out_result}</arg>
<doc>Fails if the given condition is not true.</doc>
<status status="PASS" starttime="20230502 01:01:50.594" endtime="20230502 01:01:50.594"/>
</kw>
<status status="PASS" starttime="20230502 01:01:50.594" endtime="20230502 01:01:50.595"/>
</kw>
<status status="PASS" starttime="20230502 01:01:21.195" endtime="20230502 01:01:50.595"/>
</test>
<doc>SingOut Tests</doc>
<status status="PASS" starttime="20230502 01:01:21.050" endtime="20230502 01:01:50.596"/>
</suite>
<statistics>
<total>
<stat pass="1" fail="0" skip="0">All Tests</stat>
</total>
<tag>
</tag>
<suite>
<stat pass="1" fail="0" skip="0" id="s1" name="Case2 Signout">Case2 Signout</stat>
</suite>
</statistics>
<errors>
</errors>
</robot>
