<?xml version="1.0" encoding="UTF-8"?>
<robot generator="Robot 6.0.2 (Python 3.7.4 on darwin)" generated="20230503 00:00:00.815" rpa="false" schemaversion="3">
<suite id="s1" name="Case1 Signin" source="/Users/Eddie27/Documents/rf-aha/cases/case1_signin.robot">
<test id="s1-t1" name="Test Google OAuth Sign In" line="9">
<kw name="Open Firfox To Web Page" library="common">
<kw name="Open Firefox To Page" library="Aha_Lib">
<arg>${test_page}</arg>
<status status="PASS" starttime="20230503 00:00:00.972" endtime="20230503 00:00:05.846"/>
</kw>
<status status="PASS" starttime="20230503 00:00:00.972" endtime="20230503 00:00:05.846"/>
</kw>
<kw name="Sign In To Existing Account With Google OAuth" library="common">
<kw name="Sign In With Google Oauth" library="Aha_Lib">
<var>${sign_in_result}</var>
<arg>${google_user}</arg>
<arg>${google_password}</arg>
<msg timestamp="20230503 00:00:26.996" level="INFO">${sign_in_result} = True</msg>
<status status="PASS" starttime="20230503 00:00:05.847" endtime="20230503 00:00:26.996"/>
</kw>
<kw name="Set Global Variable" library="BuiltIn">
<arg>${sign_in_result}</arg>
<doc>Makes a variable available globally in all tests and suites.</doc>
<msg timestamp="20230503 00:00:26.997" level="INFO">${sign_in_result} = True</msg>
<status status="PASS" starttime="20230503 00:00:26.997" endtime="20230503 00:00:26.997"/>
</kw>
<status status="PASS" starttime="20230503 00:00:05.847" endtime="20230503 00:00:26.997"/>
</kw>
<kw name="Validate Sign In" library="common">
<kw name="Should Be True" library="BuiltIn">
<arg>${sign_in_result}</arg>
<doc>Fails if the given condition is not true.</doc>
<status status="PASS" starttime="20230503 00:00:26.998" endtime="20230503 00:00:26.998"/>
</kw>
<status status="PASS" starttime="20230503 00:00:26.997" endtime="20230503 00:00:26.998"/>
</kw>
<status status="PASS" starttime="20230503 00:00:00.972" endtime="20230503 00:00:26.998"/>
</test>
<test id="s1-t2" name="Test Sign Out" line="14">
<kw name="Sign Out Web Page" library="common">
<kw name="Sign Out" library="Aha_Lib">
<var>${sign_out_result}</var>
<msg timestamp="20230503 00:00:32.587" level="INFO">!!!!!!/Users/Eddie27/Documents/rf-aha/outputs/logout.png</msg>
<msg timestamp="20230503 00:00:32.587" level="INFO">${sign_out_result} = True</msg>
<status status="PASS" starttime="20230503 00:00:27.000" endtime="20230503 00:00:32.587"/>
</kw>
<kw name="Set Global Variable" library="BuiltIn">
<arg>${sign_out_result}</arg>
<doc>Makes a variable available globally in all tests and suites.</doc>
<msg timestamp="20230503 00:00:32.588" level="INFO">${sign_out_result} = True</msg>
<status status="PASS" starttime="20230503 00:00:32.587" endtime="20230503 00:00:32.588"/>
</kw>
<status status="PASS" starttime="20230503 00:00:26.999" endtime="20230503 00:00:32.588"/>
</kw>
<kw name="Validate Sign Out" library="common">
<kw name="Should Be True" library="BuiltIn">
<arg>${sign_out_result}</arg>
<doc>Fails if the given condition is not true.</doc>
<status status="PASS" starttime="20230503 00:00:32.589" endtime="20230503 00:00:32.589"/>
</kw>
<status status="PASS" starttime="20230503 00:00:32.588" endtime="20230503 00:00:32.589"/>
</kw>
<status status="PASS" starttime="20230503 00:00:26.999" endtime="20230503 00:00:32.589"/>
</test>
<doc>SingIn Tests</doc>
<status status="PASS" starttime="20230503 00:00:00.816" endtime="20230503 00:00:32.590"/>
</suite>
<statistics>
<total>
<stat pass="2" fail="0" skip="0">All Tests</stat>
</total>
<tag>
</tag>
<suite>
<stat pass="2" fail="0" skip="0" id="s1" name="Case1 Signin">Case1 Signin</stat>
</suite>
</statistics>
<errors>
</errors>
</robot>
