<?xml version="1.0" encoding="UTF-8"?>
<robot generator="Robot 6.0.2 (Python 3.7.4 on darwin)" generated="20230502 00:30:50.079" rpa="false" schemaversion="3">
<suite id="s1" name="Case1 Signin" source="/Users/Eddie27/Documents/rf-aha/cases/case1_signin.robot">
<test id="s1-t1" name="Test Google OAuth Sign In" line="9">
<kw name="Open Firfox To Web Page" library="common">
<kw name="Open Firefox To Page" library="test">
<var>${browser_obj}</var>
<msg timestamp="20230502 00:30:51.614" level="INFO">${browser_obj} = &lt;Browser type=&lt;BrowserType name=firefox executable_path=/Users/Eddie27/Library/Caches/ms-playwright/firefox-1391/firefox/Nightly.app/Contents/MacOS/firefox&gt; version=111.0&gt;</msg>
<status status="PASS" starttime="20230502 00:30:50.298" endtime="20230502 00:30:51.614"/>
</kw>
<kw name="Set Global Variable" library="BuiltIn">
<arg>${browser_obj}</arg>
<doc>Makes a variable available globally in all tests and suites.</doc>
<msg timestamp="20230502 00:30:51.616" level="INFO">${browser_obj} = &lt;Browser type=&lt;BrowserType name=firefox executable_path=/Users/Eddie27/Library/Caches/ms-playwright/firefox-1391/firefox/Nightly.app/Contents/MacOS/firefox&gt; version=111.0&gt;</msg>
<status status="PASS" starttime="20230502 00:30:51.615" endtime="20230502 00:30:51.616"/>
</kw>
<status status="PASS" starttime="20230502 00:30:50.297" endtime="20230502 00:30:51.616"/>
</kw>
<kw name="Sign In To Existing Account With Google OAuth" library="common">
<kw name="Sign In With Google Oauth" library="test">
<var>${sign_in_result}</var>
<arg>${browser_obj}</arg>
<arg>${test_page}</arg>
<arg>${google_user}</arg>
<arg>${google_password}</arg>
<msg timestamp="20230502 00:31:14.938" level="INFO">${sign_in_result} = True</msg>
<status status="PASS" starttime="20230502 00:30:51.617" endtime="20230502 00:31:14.938"/>
</kw>
<kw name="Set Test Variable" library="BuiltIn">
<arg>${sign_in_result}</arg>
<doc>Makes a variable available everywhere within the scope of the current test.</doc>
<msg timestamp="20230502 00:31:14.938" level="INFO">${sign_in_result} = True</msg>
<status status="PASS" starttime="20230502 00:31:14.938" endtime="20230502 00:31:14.938"/>
</kw>
<status status="PASS" starttime="20230502 00:30:51.617" endtime="20230502 00:31:14.939"/>
</kw>
<kw name="Validate Sign In" library="common">
<kw name="Should Be True" library="BuiltIn">
<arg>${sign_in_result}</arg>
<doc>Fails if the given condition is not true.</doc>
<status status="PASS" starttime="20230502 00:31:14.939" endtime="20230502 00:31:14.939"/>
</kw>
<status status="PASS" starttime="20230502 00:31:14.939" endtime="20230502 00:31:14.939"/>
</kw>
<status status="PASS" starttime="20230502 00:30:50.297" endtime="20230502 00:31:14.940"/>
</test>
<doc>SingIn Tests</doc>
<status status="PASS" starttime="20230502 00:30:50.081" endtime="20230502 00:31:14.940"/>
</suite>
<statistics>
<total>
<stat pass="1" fail="0" skip="0">All Tests</stat>
</total>
<tag>
</tag>
<suite>
<stat pass="1" fail="0" skip="0" id="s1" name="Case1 Signin">Case1 Signin</stat>
</suite>
</statistics>
<errors>
</errors>
</robot>
