<?xml version="1.0" encoding="UTF-8"?>
<robot generator="Robot 6.0.2 (Python 3.7.4 on darwin)" generated="20230502 01:05:36.034" rpa="false" schemaversion="3">
<suite id="s1" name="Cases" source="/Users/Eddie27/Documents/rf-aha/cases">
<suite id="s1-s1" name="Case1 Signin" source="/Users/Eddie27/Documents/rf-aha/cases/case1_signin.robot">
<test id="s1-s1-t1" name="Test Google OAuth Sign In" line="9">
<kw name="Open Firfox To Web Page" library="common">
<kw name="Open Firefox To Page" library="test">
<var>${browser_obj}</var>
<msg timestamp="20230502 01:05:37.143" level="INFO">${browser_obj} = &lt;Browser type=&lt;BrowserType name=firefox executable_path=/Users/Eddie27/Library/Caches/ms-playwright/firefox-1391/firefox/Nightly.app/Contents/MacOS/firefox&gt; version=111.0&gt;</msg>
<status status="PASS" starttime="20230502 01:05:36.190" endtime="20230502 01:05:37.143"/>
</kw>
<kw name="Set Global Variable" library="BuiltIn">
<arg>${browser_obj}</arg>
<doc>Makes a variable available globally in all tests and suites.</doc>
<msg timestamp="20230502 01:05:37.145" level="INFO">${browser_obj} = &lt;Browser type=&lt;BrowserType name=firefox executable_path=/Users/Eddie27/Library/Caches/ms-playwright/firefox-1391/firefox/Nightly.app/Contents/MacOS/firefox&gt; version=111.0&gt;</msg>
<status status="PASS" starttime="20230502 01:05:37.144" endtime="20230502 01:05:37.145"/>
</kw>
<status status="PASS" starttime="20230502 01:05:36.190" endtime="20230502 01:05:37.145"/>
</kw>
<kw name="Sign In To Existing Account With Google OAuth" library="common">
<kw name="Sign In With Google Oauth" library="test">
<var>${sign_in_result}</var>
<arg>${browser_obj}</arg>
<arg>${test_page}</arg>
<arg>${google_user}</arg>
<arg>${google_password}</arg>
<msg timestamp="20230502 01:06:03.609" level="INFO">${sign_in_result} = True</msg>
<status status="PASS" starttime="20230502 01:05:37.146" endtime="20230502 01:06:03.609"/>
</kw>
<kw name="Set Global Variable" library="BuiltIn">
<arg>${sign_in_result}</arg>
<doc>Makes a variable available globally in all tests and suites.</doc>
<msg timestamp="20230502 01:06:03.609" level="INFO">${sign_in_result} = True</msg>
<status status="PASS" starttime="20230502 01:06:03.609" endtime="20230502 01:06:03.610"/>
</kw>
<status status="PASS" starttime="20230502 01:05:37.145" endtime="20230502 01:06:03.610"/>
</kw>
<kw name="Validate Sign In" library="common">
<kw name="Should Be True" library="BuiltIn">
<arg>${sign_in_result}</arg>
<doc>Fails if the given condition is not true.</doc>
<status status="PASS" starttime="20230502 01:06:03.610" endtime="20230502 01:06:03.610"/>
</kw>
<status status="PASS" starttime="20230502 01:06:03.610" endtime="20230502 01:06:03.611"/>
</kw>
<status status="PASS" starttime="20230502 01:05:36.189" endtime="20230502 01:06:03.611"/>
</test>
<doc>SingIn Tests</doc>
<status status="PASS" starttime="20230502 01:05:36.059" endtime="20230502 01:06:03.611"/>
</suite>
<suite id="s1-s2" name="Case2 Signout" source="/Users/Eddie27/Documents/rf-aha/cases/case2_signout.robot">
<test id="s1-s2-t1" name="Test Google OAuth Sign Out" line="9">
<kw name="Open Firfox To Web Page" library="common">
<kw name="Open Firefox To Page" library="test">
<var>${browser_obj}</var>
<msg timestamp="20230502 01:06:03.617" level="INFO">Failed to create browser: It looks like you are using Playwright Sync API inside the asyncio loop.
Please use the Async API instead.</msg>
<msg timestamp="20230502 01:06:03.617" level="INFO">${browser_obj} = None</msg>
<status status="PASS" starttime="20230502 01:06:03.617" endtime="20230502 01:06:03.617"/>
</kw>
<kw name="Set Global Variable" library="BuiltIn">
<arg>${browser_obj}</arg>
<doc>Makes a variable available globally in all tests and suites.</doc>
<msg timestamp="20230502 01:06:03.617" level="INFO">${browser_obj} = None</msg>
<status status="PASS" starttime="20230502 01:06:03.617" endtime="20230502 01:06:03.618"/>
</kw>
<status status="PASS" starttime="20230502 01:06:03.616" endtime="20230502 01:06:03.618"/>
</kw>
<kw name="Sign Out Web Page" library="common">
<kw name="Sign Out" library="test">
<var>${sign_out_result}</var>
<arg>${browser_obj}</arg>
<arg>${test_page}</arg>
<arg>${google_user}</arg>
<arg>${google_password}</arg>
<msg timestamp="20230502 01:06:03.618" level="INFO">err: 'NoneType' object has no attribute 'new_page'</msg>
<msg timestamp="20230502 01:06:03.619" level="FAIL">AttributeError: 'NoneType' object has no attribute 'close'</msg>
<status status="FAIL" starttime="20230502 01:06:03.618" endtime="20230502 01:06:03.619"/>
</kw>
<kw name="Set Global Variable" library="BuiltIn">
<arg>${sign_out_result}</arg>
<doc>Makes a variable available globally in all tests and suites.</doc>
<status status="NOT RUN" starttime="20230502 01:06:03.619" endtime="20230502 01:06:03.619"/>
</kw>
<status status="FAIL" starttime="20230502 01:06:03.618" endtime="20230502 01:06:03.619"/>
</kw>
<kw name="Validate Sign Out" library="common">
<status status="NOT RUN" starttime="20230502 01:06:03.619" endtime="20230502 01:06:03.619"/>
</kw>
<status status="FAIL" starttime="20230502 01:06:03.616" endtime="20230502 01:06:03.620">AttributeError: 'NoneType' object has no attribute 'close'</status>
</test>
<doc>SingOut Tests</doc>
<status status="FAIL" starttime="20230502 01:06:03.612" endtime="20230502 01:06:03.620"/>
</suite>
<status status="FAIL" starttime="20230502 01:05:36.035" endtime="20230502 01:06:03.621"/>
</suite>
<statistics>
<total>
<stat pass="1" fail="1" skip="0">All Tests</stat>
</total>
<tag>
</tag>
<suite>
<stat pass="1" fail="1" skip="0" id="s1" name="Cases">Cases</stat>
<stat pass="1" fail="0" skip="0" id="s1-s1" name="Case1 Signin">Cases.Case1 Signin</stat>
<stat pass="0" fail="1" skip="0" id="s1-s2" name="Case2 Signout">Cases.Case2 Signout</stat>
</suite>
</statistics>
<errors>
</errors>
</robot>
